http://www.cgg.gov.inindex.html
http://www.cgg.gov.inindex.html
http://www.cgg.gov.inaboutus.html
http://www.cgg.gov.inaboutus.html
http://www.cgg.gov.inour_vision.html
http://www.cgg.gov.inorganization_structure.html
http://www.cgg.gov.inclients_alliances.html
http://www.cgg.gov.inlibrary.html
http://www.cgg.gov.inAmendment.pdf
http://www.cgg.gov.inCGG_Byelaws.pdf
http://www.cgg.gov.incontact.html
http://www.cgg.gov.infocus_areas.html
http://www.cgg.gov.infocus_areas.html
http://www.cgg.gov.inkey_activities.html
http://www.cgg.gov.inpublications.html
http://www.cgg.gov.inworkingpapers.html
http://www.cgg.gov.inresearch_projects.html
http://www.cgg.gov.init_projects.html
http://www.cgg.gov.inawards.html
http://www.cgg.gov.inrelated_sites.html
http://www.cgg.gov.in#
http://www.cgg.gov.insenior_management.html
http://www.cgg.gov.inadvisors.html
http://www.cgg.gov.inadmin_hr.html
http://www.cgg.gov.inresearch_knowledge.html
http://www.cgg.gov.inconsultants.html
http://www.cgg.gov.inegovernance.html
http://www.cgg.gov.in#
http://www.cgg.gov.innews.html
http://www.cgg.gov.ingallery.html
http://www.cgg.gov.incareers.html
http://www.cgg.gov.intenders.jsp
http://mail.cgg.gov.in
http://virtuo.cgg.gov.in
http://www.cgg.gov.incareers.html
http://www.cgg.gov.intenders.jsp
http://www.cgg.gov.ingos.html
http://www.cgg.gov.inEventsPermissionapplicationsystemforCyberabadcops.html
http://www.cgg.gov.ininauguration_TSCEIG_website.html
http://www.cgg.gov.incareers.html
http://www.cgg.gov.innews.html
http://www.cgg.gov.innews.html
http://www.cgg.gov.incareers.html
http://www.cgg.gov.innews.html
http://www.cgg.gov.incareers.html
http://www.cgg.gov.ingallery_TV9andKAB_2017.html
http://www.cgg.gov.ingallery_TV9andKAB_2017.html
http://www.cgg.gov.ingallery_functionalmanual_refresh_workshop.html
http://www.cgg.gov.ingallery_functionalmanual_refresh_workshop.html
http://www.cgg.gov.ingallery_telanganaformationday_2017.html
http://www.cgg.gov.ingallery_telanganaformationday_2017.html
http://www.cgg.gov.ingallery_VisitofMrsNiveditaShuklaVerma,IAS.html
http://www.cgg.gov.ingallery_VisitofMrsNiveditaShuklaVerma,IAS.html
http://www.cgg.gov.inclients_alliances.html
http://www.cgg.gov.in#
http://www.cgg.gov.inawards.html
http://www.cgg.gov.in#
http://www.cgg.gov.innews.html
http://www.cgg.gov.in#
http://www.cgg.gov.inclients_alliances.html
http://www.cgg.gov.in#
http://www.cgg.gov.inindex.html
http://www.cgg.gov.infeedback.html
http://www.cgg.gov.incontact.html
http://www.cgg.gov.inindex.html
http://www.cgg.gov.inindex.html
http://www.cgg.gov.inaboutus.html
http://www.cgg.gov.inaboutus.html
http://www.cgg.gov.inour_vision.html
http://www.cgg.gov.inorganization_structure.html
http://www.cgg.gov.inclients_alliances.html
http://www.cgg.gov.inlibrary.html
http://www.cgg.gov.inAmendment.pdf
http://www.cgg.gov.inCGG_Byelaws.pdf
http://www.cgg.gov.incontact.html
http://www.cgg.gov.infocus_areas.html
http://www.cgg.gov.infocus_areas.html
http://www.cgg.gov.inkey_activities.html
http://www.cgg.gov.inpublications.html
http://www.cgg.gov.inworkingpapers.html
http://www.cgg.gov.inresearch_projects.html
http://www.cgg.gov.init_projects.html
http://www.cgg.gov.inawards.html
http://www.cgg.gov.inrelated_sites.html
http://www.cgg.gov.in#
http://www.cgg.gov.insenior_management.html
http://www.cgg.gov.inadvisors.html
http://www.cgg.gov.inadmin_hr.html
http://www.cgg.gov.inresearch_knowledge.html
http://www.cgg.gov.inconsultants.html
http://www.cgg.gov.inegovernance.html
http://www.cgg.gov.in#
http://www.cgg.gov.innews.html
http://www.cgg.gov.ingallery.html
http://www.cgg.gov.incareers.html
http://www.cgg.gov.intenders.jsp
http://mail.cgg.gov.in
http://virtuo.cgg.gov.in
http://www.cgg.gov.incareers.html
http://www.cgg.gov.intenders.jsp
http://www.cgg.gov.ingos.html
http://www.cgg.gov.inEventsPermissionapplicationsystemforCyberabadcops.html
http://www.cgg.gov.ininauguration_TSCEIG_website.html
http://www.cgg.gov.incareers.html
http://www.cgg.gov.innews.html
http://www.cgg.gov.innews.html
http://www.cgg.gov.incareers.html
http://www.cgg.gov.innews.html
http://www.cgg.gov.incareers.html
http://www.cgg.gov.ingallery_TV9andKAB_2017.html
http://www.cgg.gov.ingallery_TV9andKAB_2017.html
http://www.cgg.gov.ingallery_functionalmanual_refresh_workshop.html
http://www.cgg.gov.ingallery_functionalmanual_refresh_workshop.html
http://www.cgg.gov.ingallery_telanganaformationday_2017.html
http://www.cgg.gov.ingallery_telanganaformationday_2017.html
http://www.cgg.gov.ingallery_VisitofMrsNiveditaShuklaVerma,IAS.html
http://www.cgg.gov.ingallery_VisitofMrsNiveditaShuklaVerma,IAS.html
http://www.cgg.gov.inclients_alliances.html
http://www.cgg.gov.in#
http://www.cgg.gov.inawards.html
http://www.cgg.gov.in#
http://www.cgg.gov.innews.html
http://www.cgg.gov.in#
http://www.cgg.gov.inclients_alliances.html
http://www.cgg.gov.in#
http://www.cgg.gov.inindex.html
http://www.cgg.gov.infeedback.html
http://www.cgg.gov.incontact.html
